#
# There is insufficient memory for the Java Runtime Environment to continue.
# Native memory allocation (malloc) failed to allocate 2020672 bytes for Chunk::new
# Possible reasons:
#   The system is out of physical RAM or swap space
#   The process is running with CompressedOops enabled, and the Java Heap may be blocking the growth of the native heap
# Possible solutions:
#   Reduce memory load on the system
#   Increase physical memory or swap space
#   Check if swap backing store is full
#   Decrease Java heap size (-Xmx/-Xms)
#   Decrease number of Java threads
#   Decrease Java thread stack sizes (-Xss)
#   Set larger code cache with -XX:ReservedCodeCacheSize=
#   JVM is running with Zero Based Compressed Oops mode in which the Java heap is
#     placed in the first 32GB address space. The Java Heap base address is the
#     maximum limit for the native heap growth. Please use -XX:HeapBaseMinAddress
#     to set the Java Heap base and to place the Java Heap above 32GB virtual address.
# This output file may be truncated or incomplete.
#
#  Out of Memory Error (arena.cpp:189), pid=13068, tid=20932
#
# JRE version: OpenJDK Runtime Environment (17.0.7) (build 17.0.7+0-b2043.56-10550314)
# Java VM: OpenJDK 64-Bit Server VM (17.0.7+0-b2043.56-10550314, mixed mode, tiered, compressed oops, compressed class ptrs, g1 gc, windows-amd64)
# No core dump will be written. Minidumps are not enabled by default on client versions of Windows
#

---------------  S U M M A R Y ------------

Command Line: org.jetbrains.kotlin.cli.jvm.K2JVMCompiler @D:\DIDONG\FirebaseProject\app\build\20240508_1816067623327652135.compiler.options

Host: 11th Gen Intel(R) Core(TM) i5-11400H @ 2.70GHz, 12 cores, 15G,  Windows 10 , 64 bit Build 19041 (10.0.19041.3636)
Time: Wed May  8 20:22:36 2024 SE Asia Standard Time elapsed time: 9.672689 seconds (0d 0h 0m 9s)

---------------  T H R E A D  ---------------

Current thread (0x00000287d5bca2d0):  JavaThread "C2 CompilerThread0" daemon [_thread_in_native, id=20932, stack(0x000000a533e00000,0x000000a533f00000)]


Current CompileTask:
C2:   9672 10636       4       org.jetbrains.kotlin.ir.util.TypeTranslator::translateType (625 bytes)

Stack: [0x000000a533e00000,0x000000a533f00000]
Native frames: (J=compiled Java code, j=interpreted, Vv=VM code, C=native code)
V  [jvm.dll+0x683bfa]
V  [jvm.dll+0x8430a4]
V  [jvm.dll+0x8449be]
V  [jvm.dll+0x845023]
V  [jvm.dll+0x24ad2f]
V  [jvm.dll+0xac25c]
V  [jvm.dll+0xac82c]
V  [jvm.dll+0x36a187]
V  [jvm.dll+0x334821]
V  [jvm.dll+0x333cca]
V  [jvm.dll+0x21d251]
V  [jvm.dll+0x21c671]
V  [jvm.dll+0x1a605d]
V  [jvm.dll+0x22c148]
V  [jvm.dll+0x22a209]
V  [jvm.dll+0x7f858c]
V  [jvm.dll+0x7f2aea]
V  [jvm.dll+0x682a35]
C  [ucrtbase.dll+0x21bb2]
C  [KERNEL32.DLL+0x17344]
C  [ntdll.dll+0x526b1]


---------------  P R O C E S S  ---------------

Threads class SMR info:
_java_thread_list=0x00000287dce4f970, length=13, elements={
0x00000287b6d94c40, 0x00000287d5b4d2b0, 0x00000287d5b4de60, 0x00000287d5ba8360,
0x00000287d5bc3350, 0x00000287d5bc4510, 0x00000287d5bc95f0, 0x00000287d5bca2d0,
0x00000287d5bcacc0, 0x00000287d5bfad30, 0x00000287d5d5c3f0, 0x00000287d5d5ccc0,
0x00000287dc1fc770
}

Java Threads: ( => current thread )
  0x00000287b6d94c40 JavaThread "main" [_thread_in_Java, id=21324, stack(0x000000a533100000,0x000000a533200000)]
  0x00000287d5b4d2b0 JavaThread "Reference Handler" daemon [_thread_blocked, id=4092, stack(0x000000a533800000,0x000000a533900000)]
  0x00000287d5b4de60 JavaThread "Finalizer" daemon [_thread_blocked, id=4400, stack(0x000000a533900000,0x000000a533a00000)]
  0x00000287d5ba8360 JavaThread "Signal Dispatcher" daemon [_thread_blocked, id=11572, stack(0x000000a533a00000,0x000000a533b00000)]
  0x00000287d5bc3350 JavaThread "Attach Listener" daemon [_thread_blocked, id=4748, stack(0x000000a533b00000,0x000000a533c00000)]
  0x00000287d5bc4510 JavaThread "Service Thread" daemon [_thread_blocked, id=20400, stack(0x000000a533c00000,0x000000a533d00000)]
  0x00000287d5bc95f0 JavaThread "Monitor Deflation Thread" daemon [_thread_blocked, id=14892, stack(0x000000a533d00000,0x000000a533e00000)]
=>0x00000287d5bca2d0 JavaThread "C2 CompilerThread0" daemon [_thread_in_native, id=20932, stack(0x000000a533e00000,0x000000a533f00000)]
  0x00000287d5bcacc0 JavaThread "C1 CompilerThread0" daemon [_thread_in_native, id=14952, stack(0x000000a533f00000,0x000000a534000000)]
  0x00000287d5bfad30 JavaThread "Sweeper thread" daemon [_thread_blocked, id=11980, stack(0x000000a534000000,0x000000a534100000)]
  0x00000287d5d5c3f0 JavaThread "Notification Thread" daemon [_thread_blocked, id=14556, stack(0x000000a534100000,0x000000a534200000)]
  0x00000287d5d5ccc0 JavaThread "Common-Cleaner" daemon [_thread_blocked, id=24364, stack(0x000000a534300000,0x000000a534400000)]
  0x00000287dc1fc770 JavaThread "C2 CompilerThread1" daemon [_thread_in_native, id=10028, stack(0x000000a534400000,0x000000a534500000)]

Other Threads:
  0x00000287d5b7d590 VMThread "VM Thread" [stack: 0x000000a533700000,0x000000a533800000] [id=10972]
  0x00000287b6e167f0 WatcherThread [stack: 0x000000a534200000,0x000000a534300000] [id=16772]
  0x00000287b6dff5a0 GCTaskThread "GC Thread#0" [stack: 0x000000a533200000,0x000000a533300000] [id=9512]
  0x00000287da352230 GCTaskThread "GC Thread#1" [stack: 0x000000a534500000,0x000000a534600000] [id=21460]
  0x00000287da355160 GCTaskThread "GC Thread#2" [stack: 0x000000a534600000,0x000000a534700000] [id=4108]
  0x00000287da355410 GCTaskThread "GC Thread#3" [stack: 0x000000a534700000,0x000000a534800000] [id=18932]
  0x00000287da3556c0 GCTaskThread "GC Thread#4" [stack: 0x000000a534800000,0x000000a534900000] [id=12096]
  0x00000287da41a230 GCTaskThread "GC Thread#5" [stack: 0x000000a534900000,0x000000a534a00000] [id=1336]
  0x00000287da41a790 GCTaskThread "GC Thread#6" [stack: 0x000000a534b00000,0x000000a534c00000] [id=23820]
  0x00000287da419cd0 GCTaskThread "GC Thread#7" [stack: 0x000000a534c00000,0x000000a534d00000] [id=10492]
  0x00000287da41aa40 GCTaskThread "GC Thread#8" [stack: 0x000000a534d00000,0x000000a534e00000] [id=15216]
  0x00000287da41b250 GCTaskThread "GC Thread#9" [stack: 0x000000a535000000,0x000000a535100000] [id=22992]
  0x00000287b6e10030 ConcurrentGCThread "G1 Main Marker" [stack: 0x000000a533300000,0x000000a533400000] [id=16468]
  0x00000287b6e111e0 ConcurrentGCThread "G1 Conc#0" [stack: 0x000000a533400000,0x000000a533500000] [id=11556]
  0x00000287da41acf0 ConcurrentGCThread "G1 Conc#1" [stack: 0x000000a534e00000,0x000000a534f00000] [id=17016]
  0x00000287da41afa0 ConcurrentGCThread "G1 Conc#2" [stack: 0x000000a534f00000,0x000000a535000000] [id=14416]
  0x00000287d5235ff0 ConcurrentGCThread "G1 Refine#0" [stack: 0x000000a533500000,0x000000a533600000] [id=22844]
  0x00000287d5237930 ConcurrentGCThread "G1 Service" [stack: 0x000000a533600000,0x000000a533700000] [id=15112]

Threads with active compile tasks:
C2 CompilerThread0     9689 10636       4       org.jetbrains.kotlin.ir.util.TypeTranslator::translateType (625 bytes)
C1 CompilerThread0     9689 10817       3       org.jetbrains.kotlin.psi2ir.intermediate.IrUtilsKt::computeSubstitutedSyntheticAccessor (80 bytes)
C2 CompilerThread1     9689 10755   !   4       org.jetbrains.kotlin.ir.util.SymbolTable::referenceClass (209 bytes)

VM state: not at safepoint (normal execution)

VM Mutex/Monitor currently owned by a thread: None

Heap address: 0x0000000704a00000, size: 4022 MB, Compressed Oops mode: Zero based, Oop shift amount: 3

CDS archive(s) not mapped
Compressed class space mapped at: 0x0000000800000000-0x0000000840000000, reserved size: 1073741824
Narrow klass base: 0x0000000800000000, Narrow klass shift: 0, Narrow klass range: 0x40000000

GC Precious Log:
 CPUs: 12 total, 12 available
 Memory: 16085M
 Large Page Support: Disabled
 NUMA Support: Disabled
 Compressed Oops: Enabled (Zero based)
 Heap Region Size: 2M
 Heap Min Capacity: 8M
 Heap Initial Capacity: 252M
 Heap Max Capacity: 4022M
 Pre-touch: Disabled
 Parallel Workers: 10
 Concurrent Workers: 3
 Concurrent Refinement Workers: 10
 Periodic GC: Disabled

Heap:
 garbage-first heap   total 167936K, used 113242K [0x0000000704a00000, 0x0000000800000000)
  region size 2048K, 31 young (63488K), 1 survivors (2048K)
 Metaspace       used 67551K, committed 67840K, reserved 1114112K
  class space    used 7579K, committed 7744K, reserved 1048576K

Heap Regions: E=young(eden), S=young(survivor), O=old, HS=humongous(starts), HC=humongous(continues), CS=collection set, F=free, OA=open archive, CA=closed archive, TAMS=top-at-mark-start (previous, next)
|   0|0x0000000704a00000, 0x0000000704c00000, 0x0000000704c00000|100%|HS|  |TAMS 0x0000000704c00000, 0x0000000704a00000| Complete 
|   1|0x0000000704c00000, 0x0000000704e00000, 0x0000000704e00000|100%|HC|  |TAMS 0x0000000704e00000, 0x0000000704c00000| Complete 
|   2|0x0000000704e00000, 0x0000000705000000, 0x0000000705000000|100%| O|  |TAMS 0x0000000705000000, 0x0000000704e00000| Untracked 
|   3|0x0000000705000000, 0x0000000705200000, 0x0000000705200000|100%| O|  |TAMS 0x0000000705200000, 0x0000000705000000| Untracked 
|   4|0x0000000705200000, 0x0000000705400000, 0x0000000705400000|100%|HS|  |TAMS 0x0000000705400000, 0x0000000705200000| Complete 
|   5|0x0000000705400000, 0x0000000705600000, 0x0000000705600000|100%| O|  |TAMS 0x0000000705600000, 0x0000000705400000| Untracked 
|   6|0x0000000705600000, 0x0000000705800000, 0x0000000705800000|100%| O|  |TAMS 0x0000000705800000, 0x0000000705600000| Untracked 
|   7|0x0000000705800000, 0x0000000705a00000, 0x0000000705a00000|100%| O|  |TAMS 0x0000000705a00000, 0x0000000705800000| Untracked 
|   8|0x0000000705a00000, 0x0000000705c00000, 0x0000000705c00000|100%| O|  |TAMS 0x0000000705c00000, 0x0000000705a00000| Untracked 
|   9|0x0000000705c00000, 0x0000000705e00000, 0x0000000705e00000|100%| O|  |TAMS 0x0000000705e00000, 0x0000000705c00000| Untracked 
|  10|0x0000000705e00000, 0x0000000706000000, 0x0000000706000000|100%| O|  |TAMS 0x0000000706000000, 0x0000000705e00000| Untracked 
|  11|0x0000000706000000, 0x0000000706200000, 0x0000000706200000|100%| O|  |TAMS 0x0000000706200000, 0x0000000706000000| Untracked 
|  12|0x0000000706200000, 0x0000000706400000, 0x0000000706400000|100%| O|  |TAMS 0x0000000706400000, 0x0000000706200000| Untracked 
|  13|0x0000000706400000, 0x0000000706600000, 0x0000000706600000|100%| O|  |TAMS 0x0000000706600000, 0x0000000706400000| Untracked 
|  14|0x0000000706600000, 0x0000000706800000, 0x0000000706800000|100%| O|  |TAMS 0x0000000706800000, 0x0000000706600000| Untracked 
|  15|0x0000000706800000, 0x0000000706a00000, 0x0000000706a00000|100%| O|  |TAMS 0x0000000706a00000, 0x0000000706800000| Untracked 
|  16|0x0000000706a00000, 0x0000000706c00000, 0x0000000706c00000|100%| O|  |TAMS 0x0000000706c00000, 0x0000000706a00000| Untracked 
|  17|0x0000000706c00000, 0x0000000706e00000, 0x0000000706e00000|100%| O|  |TAMS 0x0000000706e00000, 0x0000000706c00000| Untracked 
|  18|0x0000000706e00000, 0x0000000707000000, 0x0000000707000000|100%| O|  |TAMS 0x0000000707000000, 0x0000000706e00000| Untracked 
|  19|0x0000000707000000, 0x0000000707200000, 0x0000000707200000|100%| O|  |TAMS 0x0000000707200000, 0x0000000707000000| Untracked 
|  20|0x0000000707200000, 0x0000000707400000, 0x0000000707400000|100%| O|  |TAMS 0x0000000707400000, 0x0000000707200000| Untracked 
|  21|0x0000000707400000, 0x0000000707600000, 0x0000000707600000|100%| O|  |TAMS 0x00000007075ba800, 0x0000000707400000| Untracked 
|  22|0x0000000707600000, 0x0000000707800000, 0x0000000707800000|100%| O|  |TAMS 0x0000000707600000, 0x0000000707600000| Untracked 
|  23|0x0000000707800000, 0x0000000707a00000, 0x0000000707a00000|100%| O|  |TAMS 0x0000000707800000, 0x0000000707800000| Untracked 
|  24|0x0000000707a00000, 0x0000000707c00000, 0x0000000707c00000|100%| O|  |TAMS 0x0000000707a00000, 0x0000000707a00000| Untracked 
|  25|0x0000000707c00000, 0x0000000707c96800, 0x0000000707e00000| 29%| O|  |TAMS 0x0000000707c00000, 0x0000000707c00000| Untracked 
|  26|0x0000000707e00000, 0x0000000707e00000, 0x0000000708000000|  0%| F|  |TAMS 0x0000000707e00000, 0x0000000707e00000| Untracked 
|  27|0x0000000708000000, 0x0000000708000000, 0x0000000708200000|  0%| F|  |TAMS 0x0000000708000000, 0x0000000708000000| Untracked 
|  28|0x0000000708200000, 0x0000000708200000, 0x0000000708400000|  0%| F|  |TAMS 0x0000000708200000, 0x0000000708200000| Untracked 
|  29|0x0000000708400000, 0x0000000708400000, 0x0000000708600000|  0%| F|  |TAMS 0x0000000708400000, 0x0000000708400000| Untracked 
|  30|0x0000000708600000, 0x0000000708600000, 0x0000000708800000|  0%| F|  |TAMS 0x0000000708600000, 0x0000000708600000| Untracked 
|  31|0x0000000708800000, 0x0000000708800000, 0x0000000708a00000|  0%| F|  |TAMS 0x0000000708800000, 0x0000000708800000| Untracked 
|  32|0x0000000708a00000, 0x0000000708a00000, 0x0000000708c00000|  0%| F|  |TAMS 0x0000000708a00000, 0x0000000708a00000| Untracked 
|  33|0x0000000708c00000, 0x0000000708c00000, 0x0000000708e00000|  0%| F|  |TAMS 0x0000000708c00000, 0x0000000708c00000| Untracked 
|  34|0x0000000708e00000, 0x0000000708e00000, 0x0000000709000000|  0%| F|  |TAMS 0x0000000708e00000, 0x0000000708e00000| Untracked 
|  35|0x0000000709000000, 0x0000000709000000, 0x0000000709200000|  0%| F|  |TAMS 0x0000000709000000, 0x0000000709000000| Untracked 
|  36|0x0000000709200000, 0x0000000709200000, 0x0000000709400000|  0%| F|  |TAMS 0x0000000709200000, 0x0000000709200000| Untracked 
|  37|0x0000000709400000, 0x0000000709400000, 0x0000000709600000|  0%| F|  |TAMS 0x0000000709400000, 0x0000000709400000| Untracked 
|  38|0x0000000709600000, 0x0000000709600000, 0x0000000709800000|  0%| F|  |TAMS 0x0000000709600000, 0x0000000709600000| Untracked 
|  39|0x0000000709800000, 0x0000000709800000, 0x0000000709a00000|  0%| F|  |TAMS 0x0000000709800000, 0x0000000709800000| Untracked 
|  40|0x0000000709a00000, 0x0000000709a00000, 0x0000000709c00000|  0%| F|  |TAMS 0x0000000709a00000, 0x0000000709a00000| Untracked 
|  41|0x0000000709c00000, 0x0000000709c00000, 0x0000000709e00000|  0%| F|  |TAMS 0x0000000709c00000, 0x0000000709c00000| Untracked 
|  42|0x0000000709e00000, 0x0000000709e00000, 0x000000070a000000|  0%| F|  |TAMS 0x0000000709e00000, 0x0000000709e00000| Untracked 
|  43|0x000000070a000000, 0x000000070a000000, 0x000000070a200000|  0%| F|  |TAMS 0x000000070a000000, 0x000000070a000000| Untracked 
|  44|0x000000070a200000, 0x000000070a200000, 0x000000070a400000|  0%| F|  |TAMS 0x000000070a200000, 0x000000070a200000| Untracked 
|  45|0x000000070a400000, 0x000000070a400000, 0x000000070a600000|  0%| F|  |TAMS 0x000000070a400000, 0x000000070a400000| Untracked 
|  46|0x000000070a600000, 0x000000070a600000, 0x000000070a800000|  0%| F|  |TAMS 0x000000070a600000, 0x000000070a600000| Untracked 
|  47|0x000000070a800000, 0x000000070a800000, 0x000000070aa00000|  0%| F|  |TAMS 0x000000070a800000, 0x000000070a800000| Untracked 
|  48|0x000000070aa00000, 0x000000070aa00000, 0x000000070ac00000|  0%| F|  |TAMS 0x000000070aa00000, 0x000000070aa00000| Untracked 
|  49|0x000000070ac00000, 0x000000070ac00000, 0x000000070ae00000|  0%| F|  |TAMS 0x000000070ac00000, 0x000000070ac00000| Untracked 
|  50|0x000000070ae00000, 0x000000070ae00000, 0x000000070b000000|  0%| F|  |TAMS 0x000000070ae00000, 0x000000070ae00000| Untracked 
|  51|0x000000070b000000, 0x000000070b100800, 0x000000070b200000| 50%| E|  |TAMS 0x000000070b000000, 0x000000070b000000| Complete 
|  52|0x000000070b200000, 0x000000070b400000, 0x000000070b400000|100%| E|CS|TAMS 0x000000070b200000, 0x000000070b200000| Complete 
|  53|0x000000070b400000, 0x000000070b600000, 0x000000070b600000|100%| S|CS|TAMS 0x000000070b400000, 0x000000070b400000| Complete 
|  54|0x000000070b600000, 0x000000070b800000, 0x000000070b800000|100%| E|CS|TAMS 0x000000070b600000, 0x000000070b600000| Complete 
|  55|0x000000070b800000, 0x000000070ba00000, 0x000000070ba00000|100%| E|CS|TAMS 0x000000070b800000, 0x000000070b800000| Complete 
|  56|0x000000070ba00000, 0x000000070bc00000, 0x000000070bc00000|100%| E|CS|TAMS 0x000000070ba00000, 0x000000070ba00000| Complete 
|  57|0x000000070bc00000, 0x000000070be00000, 0x000000070be00000|100%| E|CS|TAMS 0x000000070bc00000, 0x000000070bc00000| Complete 
|  58|0x000000070be00000, 0x000000070c000000, 0x000000070c000000|100%| E|CS|TAMS 0x000000070be00000, 0x000000070be00000| Complete 
|  59|0x000000070c000000, 0x000000070c200000, 0x000000070c200000|100%| E|CS|TAMS 0x000000070c000000, 0x000000070c000000| Complete 
|  60|0x000000070c200000, 0x000000070c400000, 0x000000070c400000|100%| E|CS|TAMS 0x000000070c200000, 0x000000070c200000| Complete 
|  61|0x000000070c400000, 0x000000070c600000, 0x000000070c600000|100%| E|CS|TAMS 0x000000070c400000, 0x000000070c400000| Complete 
|  62|0x000000070c600000, 0x000000070c800000, 0x000000070c800000|100%| E|CS|TAMS 0x000000070c600000, 0x000000070c600000| Complete 
|  63|0x000000070c800000, 0x000000070ca00000, 0x000000070ca00000|100%| E|CS|TAMS 0x000000070c800000, 0x000000070c800000| Complete 
|  64|0x000000070ca00000, 0x000000070cc00000, 0x000000070cc00000|100%| E|CS|TAMS 0x000000070ca00000, 0x000000070ca00000| Complete 
|  65|0x000000070cc00000, 0x000000070ce00000, 0x000000070ce00000|100%| E|CS|TAMS 0x000000070cc00000, 0x000000070cc00000| Complete 
|  66|0x000000070ce00000, 0x000000070d000000, 0x000000070d000000|100%| E|CS|TAMS 0x000000070ce00000, 0x000000070ce00000| Complete 
|  67|0x000000070d000000, 0x000000070d200000, 0x000000070d200000|100%| E|CS|TAMS 0x000000070d000000, 0x000000070d000000| Complete 
|  68|0x000000070d200000, 0x000000070d400000, 0x000000070d400000|100%| E|CS|TAMS 0x000000070d200000, 0x000000070d200000| Complete 
|  69|0x000000070d400000, 0x000000070d600000, 0x000000070d600000|100%| E|CS|TAMS 0x000000070d400000, 0x000000070d400000| Complete 
|  70|0x000000070d600000, 0x000000070d800000, 0x000000070d800000|100%| E|CS|TAMS 0x000000070d600000, 0x000000070d600000| Complete 
|  71|0x000000070d800000, 0x000000070da00000, 0x000000070da00000|100%| E|CS|TAMS 0x000000070d800000, 0x000000070d800000| Complete 
|  72|0x000000070da00000, 0x000000070dc00000, 0x000000070dc00000|100%| E|CS|TAMS 0x000000070da00000, 0x000000070da00000| Complete 
|  73|0x000000070dc00000, 0x000000070de00000, 0x000000070de00000|100%| E|CS|TAMS 0x000000070dc00000, 0x000000070dc00000| Complete 
|  74|0x000000070de00000, 0x000000070e000000, 0x000000070e000000|100%| E|CS|TAMS 0x000000070de00000, 0x000000070de00000| Complete 
|  75|0x000000070e000000, 0x000000070e200000, 0x000000070e200000|100%| E|CS|TAMS 0x000000070e000000, 0x000000070e000000| Complete 
|  76|0x000000070e200000, 0x000000070e400000, 0x000000070e400000|100%| E|CS|TAMS 0x000000070e200000, 0x000000070e200000| Complete 
|  77|0x000000070e400000, 0x000000070e600000, 0x000000070e600000|100%| E|CS|TAMS 0x000000070e400000, 0x000000070e400000| Complete 
|  78|0x000000070e600000, 0x000000070e800000, 0x000000070e800000|100%| E|CS|TAMS 0x000000070e600000, 0x000000070e600000| Complete 
|  79|0x000000070e800000, 0x000000070ea00000, 0x000000070ea00000|100%| E|CS|TAMS 0x000000070e800000, 0x000000070e800000| Complete 
|  80|0x000000070ea00000, 0x000000070ec00000, 0x000000070ec00000|100%| E|CS|TAMS 0x000000070ea00000, 0x000000070ea00000| Complete 
| 125|0x0000000714400000, 0x0000000714600000, 0x0000000714600000|100%| E|CS|TAMS 0x0000000714400000, 0x0000000714400000| Complete 

Card table byte_map: [0x00000287c9fb0000,0x00000287ca790000] _byte_map_base: 0x00000287c678b000

Marking Bits (Prev, Next): (CMBitMap*) 0x00000287b6dffbf0, (CMBitMap*) 0x00000287b6dffbb0
 Prev Bits: [0x00000287cee50000, 0x00000287d2d28000)
 Next Bits: [0x00000287caf70000, 0x00000287cee48000)

Polling page: 0x00000287b6560000

Metaspace:

Usage:
  Non-class:     58.57 MB used.
      Class:      7.40 MB used.
       Both:     65.97 MB used.

Virtual space:
  Non-class space:       64.00 MB reserved,      58.75 MB ( 92%) committed,  1 nodes.
      Class space:        1.00 GB reserved,       7.56 MB ( <1%) committed,  1 nodes.
             Both:        1.06 GB reserved,      66.31 MB (  6%) committed. 

Chunk freelists:
   Non-Class:  5.17 MB
       Class:  8.47 MB
        Both:  13.64 MB

MaxMetaspaceSize: unlimited
CompressedClassSpaceSize: 1.00 GB
Initial GC threshold: 21.00 MB
Current GC threshold: 98.06 MB
CDS: off
MetaspaceReclaimPolicy: balanced
 - commit_granule_bytes: 65536.
 - commit_granule_words: 8192.
 - virtual_space_node_default_size: 8388608.
 - enlarge_chunks_in_place: 1.
 - new_chunks_are_fully_committed: 0.
 - uncommit_free_chunks: 1.
 - use_allocation_guard: 0.
 - handle_deallocations: 1.


Internal statistics:

num_allocs_failed_limit: 9.
num_arena_births: 298.
num_arena_deaths: 0.
num_vsnodes_births: 2.
num_vsnodes_deaths: 0.
num_space_committed: 1059.
num_space_uncommitted: 0.
num_chunks_returned_to_freelist: 9.
num_chunks_taken_from_freelist: 2441.
num_chunk_merges: 9.
num_chunk_splits: 1990.
num_chunks_enlarged: 1742.
num_inconsistent_stats: 0.

CodeHeap 'non-profiled nmethods': size=120000Kb used=4989Kb max_used=5055Kb free=115010Kb
 bounds [0x00000287c1d40000, 0x00000287c2240000, 0x00000287c9270000]
CodeHeap 'profiled nmethods': size=120000Kb used=26363Kb max_used=26363Kb free=93636Kb
 bounds [0x00000287ba270000, 0x00000287bbc40000, 0x00000287c17a0000]
CodeHeap 'non-nmethods': size=5760Kb used=1378Kb max_used=1405Kb free=4382Kb
 bounds [0x00000287c17a0000, 0x00000287c1a10000, 0x00000287c1d40000]
 total_blobs=9765 nmethods=9074 adapters=601
 compilation: enabled
              stopped_count=0, restarted_count=0
 full_count=0

Compilation events (20 events):
Event: 9.665 Thread 0x00000287d5bcacc0 nmethod 10788 0x00000287bbbff790 code [0x00000287bbbffa20, 0x00000287bbc00508]
Event: 9.665 Thread 0x00000287d5bcacc0 10782       3       org.jetbrains.kotlin.ir.expressions.IrMemberAccessExpression::transformChildren (63 bytes)
Event: 9.666 Thread 0x00000287d5bcacc0 nmethod 10782 0x00000287bbc00910 code [0x00000287bbc00d80, 0x00000287bbc02fb8]
Event: 9.666 Thread 0x00000287d5bcacc0 10791       3       org.jetbrains.kotlin.psi2ir.generators.AnnotationGenerator::visitCall (13 bytes)
Event: 9.667 Thread 0x00000287d5bcacc0 nmethod 10791 0x00000287bbc03990 code [0x00000287bbc03cc0, 0x00000287bbc04de8]
Event: 9.667 Thread 0x00000287d5bcacc0 10792       3       org.jetbrains.kotlin.psi2ir.generators.AnnotationGenerator::visitCall (7 bytes)
Event: 9.668 Thread 0x00000287d5bcacc0 nmethod 10792 0x00000287bbc05390 code [0x00000287bbc056c0, 0x00000287bbc06748]
Event: 9.669 Thread 0x00000287d5bcacc0 10777       3       org.jetbrains.kotlin.ir.expressions.IrBlockBody::accept (15 bytes)
Event: 9.669 Thread 0x00000287d5bcacc0 nmethod 10777 0x00000287bbc06d10 code [0x00000287bbc06f20, 0x00000287bbc075c8]
Event: 9.669 Thread 0x00000287d5bcacc0 10786       3       org.jetbrains.kotlin.load.java.structure.impl.classFiles.BinaryJavaModifierListOwner::isAbstract (10 bytes)
Event: 9.669 Thread 0x00000287d5bcacc0 nmethod 10786 0x00000287bbc07890 code [0x00000287bbc07a40, 0x00000287bbc07c28]
Event: 9.669 Thread 0x00000287d5bcacc0 10769       3       org.jetbrains.kotlin.psi2ir.generators.IrSyntheticDeclarationGenerator::visitDeclarationReference (6 bytes)
Event: 9.670 Thread 0x00000287d5bcacc0 nmethod 10769 0x00000287bbc07d10 code [0x00000287bbc08020, 0x00000287bbc08f08]
Event: 9.670 Thread 0x00000287d5bcacc0 10785       3       org.jetbrains.kotlin.descriptors.impl.PropertyAccessorDescriptorImpl::getDispatchReceiverParameter (10 bytes)
Event: 9.670 Thread 0x00000287d5bcacc0 nmethod 10785 0x00000287bbc09490 code [0x00000287bbc09640, 0x00000287bbc09978]
Event: 9.670 Thread 0x00000287d5bcacc0 10773       3       org.jetbrains.kotlin.ir.expressions.IrGetObjectValue::accept (15 bytes)
Event: 9.670 Thread 0x00000287d5bcacc0 nmethod 10773 0x00000287bbc09a90 code [0x00000287bbc09ca0, 0x00000287bbc0a348]
Event: 9.670 Thread 0x00000287d5bcacc0 10775       1       org.jetbrains.kotlin.ir.expressions.impl.IrBlockImpl::getType (5 bytes)
Event: 9.670 Thread 0x00000287d5bcacc0 nmethod 10775 0x00000287c1f0b710 code [0x00000287c1f0b8a0, 0x00000287c1f0b978]
Event: 9.670 Thread 0x00000287d5bcacc0 10760       3       org.jetbrains.kotlin.ir.declarations.impl.IrVariableImpl::setParent (12 bytes)

GC Heap History (20 events):
Event: 1.625 GC heap before
{Heap before GC invocations=5 (full 0):
 garbage-first heap   total 40960K, used 26278K [0x0000000704a00000, 0x0000000800000000)
  region size 2048K, 8 young (16384K), 2 survivors (4096K)
 Metaspace       used 31339K, committed 31552K, reserved 1114112K
  class space    used 4058K, committed 4160K, reserved 1048576K
}
Event: 1.633 GC heap after
{Heap after GC invocations=6 (full 0):
 garbage-first heap   total 40960K, used 18417K [0x0000000704a00000, 0x0000000800000000)
  region size 2048K, 1 young (2048K), 1 survivors (2048K)
 Metaspace       used 31339K, committed 31552K, reserved 1114112K
  class space    used 4058K, committed 4160K, reserved 1048576K
}
Event: 1.752 GC heap before
{Heap before GC invocations=6 (full 0):
 garbage-first heap   total 40960K, used 28657K [0x0000000704a00000, 0x0000000800000000)
  region size 2048K, 6 young (12288K), 1 survivors (2048K)
 Metaspace       used 34136K, committed 34368K, reserved 1114112K
  class space    used 4361K, committed 4480K, reserved 1048576K
}
Event: 1.756 GC heap after
{Heap after GC invocations=7 (full 0):
 garbage-first heap   total 149504K, used 19679K [0x0000000704a00000, 0x0000000800000000)
  region size 2048K, 1 young (2048K), 1 survivors (2048K)
 Metaspace       used 34136K, committed 34368K, reserved 1114112K
  class space    used 4361K, committed 4480K, reserved 1048576K
}
Event: 1.856 GC heap before
{Heap before GC invocations=7 (full 0):
 garbage-first heap   total 149504K, used 29919K [0x0000000704a00000, 0x0000000800000000)
  region size 2048K, 7 young (14336K), 1 survivors (2048K)
 Metaspace       used 35742K, committed 35968K, reserved 1114112K
  class space    used 4538K, committed 4672K, reserved 1048576K
}
Event: 1.858 GC heap after
{Heap after GC invocations=8 (full 0):
 garbage-first heap   total 149504K, used 18432K [0x0000000704a00000, 0x0000000800000000)
  region size 2048K, 1 young (2048K), 1 survivors (2048K)
 Metaspace       used 35742K, committed 35968K, reserved 1114112K
  class space    used 4538K, committed 4672K, reserved 1048576K
}
Event: 2.379 GC heap before
{Heap before GC invocations=9 (full 0):
 garbage-first heap   total 69632K, used 57344K [0x0000000704a00000, 0x0000000800000000)
  region size 2048K, 20 young (40960K), 1 survivors (2048K)
 Metaspace       used 44349K, committed 44544K, reserved 1114112K
  class space    used 5428K, committed 5504K, reserved 1048576K
}
Event: 2.385 GC heap after
{Heap after GC invocations=10 (full 0):
 garbage-first heap   total 69632K, used 21918K [0x0000000704a00000, 0x0000000800000000)
  region size 2048K, 3 young (6144K), 3 survivors (6144K)
 Metaspace       used 44349K, committed 44544K, reserved 1114112K
  class space    used 5428K, committed 5504K, reserved 1048576K
}
Event: 2.400 GC heap before
{Heap before GC invocations=10 (full 0):
 garbage-first heap   total 69632K, used 21918K [0x0000000704a00000, 0x0000000800000000)
  region size 2048K, 4 young (8192K), 3 survivors (6144K)
 Metaspace       used 44512K, committed 44736K, reserved 1114112K
  class space    used 5448K, committed 5568K, reserved 1048576K
}
Event: 2.408 GC heap after
{Heap after GC invocations=11 (full 0):
 garbage-first heap   total 69632K, used 22499K [0x0000000704a00000, 0x0000000800000000)
  region size 2048K, 1 young (2048K), 1 survivors (2048K)
 Metaspace       used 44512K, committed 44736K, reserved 1114112K
  class space    used 5448K, committed 5568K, reserved 1048576K
}
Event: 2.792 GC heap before
{Heap before GC invocations=11 (full 0):
 garbage-first heap   total 69632K, used 51171K [0x0000000704a00000, 0x0000000800000000)
  region size 2048K, 14 young (28672K), 1 survivors (2048K)
 Metaspace       used 49250K, committed 49472K, reserved 1114112K
  class space    used 6009K, committed 6080K, reserved 1048576K
}
Event: 2.799 GC heap after
{Heap after GC invocations=12 (full 0):
 garbage-first heap   total 139264K, used 28295K [0x0000000704a00000, 0x0000000800000000)
  region size 2048K, 2 young (4096K), 2 survivors (4096K)
 Metaspace       used 49250K, committed 49472K, reserved 1114112K
  class space    used 6009K, committed 6080K, reserved 1048576K
}
Event: 3.393 GC heap before
{Heap before GC invocations=12 (full 0):
 garbage-first heap   total 139264K, used 91783K [0x0000000704a00000, 0x0000000800000000)
  region size 2048K, 33 young (67584K), 2 survivors (4096K)
 Metaspace       used 52302K, committed 52544K, reserved 1114112K
  class space    used 6301K, committed 6400K, reserved 1048576K
}
Event: 3.407 GC heap after
{Heap after GC invocations=13 (full 0):
 garbage-first heap   total 139264K, used 34439K [0x0000000704a00000, 0x0000000800000000)
  region size 2048K, 5 young (10240K), 5 survivors (10240K)
 Metaspace       used 52302K, committed 52544K, reserved 1114112K
  class space    used 6301K, committed 6400K, reserved 1048576K
}
Event: 4.648 GC heap before
{Heap before GC invocations=13 (full 0):
 garbage-first heap   total 139264K, used 102023K [0x0000000704a00000, 0x0000000800000000)
  region size 2048K, 38 young (77824K), 5 survivors (10240K)
 Metaspace       used 55757K, committed 55936K, reserved 1114112K
  class space    used 6593K, committed 6656K, reserved 1048576K
}
Event: 4.670 GC heap after
{Heap after GC invocations=14 (full 0):
 garbage-first heap   total 139264K, used 44311K [0x0000000704a00000, 0x0000000800000000)
  region size 2048K, 5 young (10240K), 5 survivors (10240K)
 Metaspace       used 55757K, committed 55936K, reserved 1114112K
  class space    used 6593K, committed 6656K, reserved 1048576K
}
Event: 6.674 GC heap before
{Heap before GC invocations=14 (full 0):
 garbage-first heap   total 139264K, used 103703K [0x0000000704a00000, 0x0000000800000000)
  region size 2048K, 34 young (69632K), 5 survivors (10240K)
 Metaspace       used 59183K, committed 59456K, reserved 1114112K
  class space    used 6823K, committed 6912K, reserved 1048576K
}
Event: 6.701 GC heap after
{Heap after GC invocations=15 (full 0):
 garbage-first heap   total 139264K, used 52754K [0x0000000704a00000, 0x0000000800000000)
  region size 2048K, 4 young (8192K), 4 survivors (8192K)
 Metaspace       used 59183K, committed 59456K, reserved 1114112K
  class space    used 6823K, committed 6912K, reserved 1048576K
}
Event: 7.959 GC heap before
{Heap before GC invocations=15 (full 0):
 garbage-first heap   total 139264K, used 79378K [0x0000000704a00000, 0x0000000800000000)
  region size 2048K, 18 young (36864K), 4 survivors (8192K)
 Metaspace       used 59957K, committed 60160K, reserved 1114112K
  class space    used 6830K, committed 6912K, reserved 1048576K
}
Event: 7.975 GC heap after
{Heap after GC invocations=16 (full 0):
 garbage-first heap   total 167936K, used 53850K [0x0000000704a00000, 0x0000000800000000)
  region size 2048K, 1 young (2048K), 1 survivors (2048K)
 Metaspace       used 59957K, committed 60160K, reserved 1114112K
  class space    used 6830K, committed 6912K, reserved 1048576K
}

Dll operation events (2 events):
Event: 0.007 Loaded shared library C:\Program Files\Android\Android Studio\jbr\bin\java.dll
Event: 1.135 Loaded shared library C:\Program Files\Android\Android Studio\jbr\bin\verify.dll

Deoptimization events (20 events):
Event: 9.561 Thread 0x00000287b6d94c40 DEOPT PACKING pc=0x00000287bb07c96a sp=0x000000a5331fdf10
Event: 9.561 Thread 0x00000287b6d94c40 DEOPT UNPACKING pc=0x00000287c17face3 sp=0x000000a5331fd398 mode 0
Event: 9.561 Thread 0x00000287b6d94c40 DEOPT PACKING pc=0x00000287bb07c96a sp=0x000000a5331fdf10
Event: 9.561 Thread 0x00000287b6d94c40 DEOPT UNPACKING pc=0x00000287c17face3 sp=0x000000a5331fd398 mode 0
Event: 9.561 Thread 0x00000287b6d94c40 DEOPT PACKING pc=0x00000287bb07c96a sp=0x000000a5331fdf10
Event: 9.561 Thread 0x00000287b6d94c40 DEOPT UNPACKING pc=0x00000287c17face3 sp=0x000000a5331fd398 mode 0
Event: 9.561 Thread 0x00000287b6d94c40 DEOPT PACKING pc=0x00000287bb07c96a sp=0x000000a5331fdf10
Event: 9.561 Thread 0x00000287b6d94c40 DEOPT UNPACKING pc=0x00000287c17face3 sp=0x000000a5331fd398 mode 0
Event: 9.561 Thread 0x00000287b6d94c40 DEOPT PACKING pc=0x00000287bb07c96a sp=0x000000a5331fdf10
Event: 9.561 Thread 0x00000287b6d94c40 DEOPT UNPACKING pc=0x00000287c17face3 sp=0x000000a5331fd398 mode 0
Event: 9.561 Thread 0x00000287b6d94c40 DEOPT PACKING pc=0x00000287bb07c96a sp=0x000000a5331fdf10
Event: 9.561 Thread 0x00000287b6d94c40 DEOPT UNPACKING pc=0x00000287c17face3 sp=0x000000a5331fd398 mode 0
Event: 9.561 Thread 0x00000287b6d94c40 DEOPT PACKING pc=0x00000287bb07c96a sp=0x000000a5331fdf10
Event: 9.561 Thread 0x00000287b6d94c40 DEOPT UNPACKING pc=0x00000287c17face3 sp=0x000000a5331fd398 mode 0
Event: 9.561 Thread 0x00000287b6d94c40 DEOPT PACKING pc=0x00000287bb07c96a sp=0x000000a5331fdf10
Event: 9.561 Thread 0x00000287b6d94c40 DEOPT UNPACKING pc=0x00000287c17face3 sp=0x000000a5331fd398 mode 0
Event: 9.561 Thread 0x00000287b6d94c40 DEOPT PACKING pc=0x00000287bb07c96a sp=0x000000a5331fdf10
Event: 9.561 Thread 0x00000287b6d94c40 DEOPT UNPACKING pc=0x00000287c17face3 sp=0x000000a5331fd398 mode 0
Event: 9.561 Thread 0x00000287b6d94c40 DEOPT PACKING pc=0x00000287bb07c96a sp=0x000000a5331fdf10
Event: 9.561 Thread 0x00000287b6d94c40 DEOPT UNPACKING pc=0x00000287c17face3 sp=0x000000a5331fd398 mode 0

Classes unloaded (0 events):
No events

Classes redefined (0 events):
No events

Internal exceptions (20 events):
Event: 4.010 Thread 0x00000287b6d94c40 Implicit null exception at 0x00000287c1d91314 to 0x00000287c1d91534
Event: 4.010 Thread 0x00000287b6d94c40 Implicit null exception at 0x00000287c1d9f00f to 0x00000287c1d9f089
Event: 4.220 Thread 0x00000287b6d94c40 Exception <a 'java/lang/NoSuchMethodError'{0x000000070a4ea3f8}: 'int java.lang.invoke.DirectMethodHandle$Holder.invokeStaticInit(java.lang.Object, int)'> (0x000000070a4ea3f8) 
thrown [s\src\hotspot\share\interpreter\linkResolver.cpp, line 771]
Event: 4.366 Thread 0x00000287b6d94c40 Implicit null exception at 0x00000287c1fe3dbb to 0x00000287c1fe4164
Event: 4.373 Thread 0x00000287b6d94c40 Implicit null exception at 0x00000287c1fe488b to 0x00000287c1fe4a9c
Event: 4.535 Thread 0x00000287b6d94c40 Implicit null exception at 0x00000287c1e44295 to 0x00000287c1e44384
Event: 4.535 Thread 0x00000287b6d94c40 Implicit null exception at 0x00000287c1da5958 to 0x00000287c1da59ee
Event: 4.874 Thread 0x00000287b6d94c40 Exception <a 'java/lang/NoSuchMethodError'{0x000000070cb59ca0}: 'java.lang.Object java.lang.invoke.DirectMethodHandle$Holder.invokeStatic(java.lang.Object, int, java.lang.Object)'> (0x000000070cb59ca0) 
thrown [s\src\hotspot\share\interpreter\linkResolver.cpp, line 771]
Event: 4.948 Thread 0x00000287b6d94c40 Exception <a 'java/lang/NoSuchMethodError'{0x000000070c6e7628}: 'java.lang.Object java.lang.invoke.DirectMethodHandle$Holder.newInvokeSpecial(java.lang.Object, java.lang.Object, java.lang.Object, java.lang.Object, java.lang.Object, java.lang.Object, java.lang.Object)'> (0x000000070c6e7628) 
thrown [s\src\hotspot\share\interpreter\linkResolver.cpp, line 771]
Event: 4.948 Thread 0x00000287b6d94c40 Exception <a 'java/lang/NoSuchMethodError'{0x000000070c6ed720}: 'java.lang.Object java.lang.invoke.Invokers$Holder.linkToTargetMethod(java.lang.Object, java.lang.Object, java.lang.Object, java.lang.Object, java.lang.Object, java.lang.Object, java.lang.Object)'> (0x000000070c6ed720) 
thrown [s\src\hotspot\share\interpreter\linkResolver.cpp, line 771]
Event: 5.024 Thread 0x00000287b6d94c40 Implicit null exception at 0x00000287c1fda6bc to 0x00000287c1fdafc8
Event: 5.070 Thread 0x00000287b6d94c40 Exception <a 'java/lang/NoSuchMethodError'{0x000000070c5cee40}: 'java.lang.Object java.lang.invoke.DirectMethodHandle$Holder.invokeInterface(java.lang.Object, java.lang.Object, java.lang.Object)'> (0x000000070c5cee40) 
thrown [s\src\hotspot\share\interpreter\linkResolver.cpp, line 771]
Event: 5.070 Thread 0x00000287b6d94c40 Exception <a 'java/lang/IncompatibleClassChangeError'{0x000000070c5d4240}: Found class java.lang.Object, but interface was expected> (0x000000070c5d4240) 
thrown [s\src\hotspot\share\interpreter\linkResolver.cpp, line 838]
Event: 7.730 Thread 0x00000287b6d94c40 Exception <a 'java/lang/NoSuchMethodError'{0x000000070ba63610}: 'java.lang.Object java.lang.invoke.DirectMethodHandle$Holder.newInvokeSpecial(java.lang.Object, int, java.lang.Object, java.lang.Object)'> (0x000000070ba63610) 
thrown [s\src\hotspot\share\interpreter\linkResolver.cpp, line 771]
Event: 8.259 Thread 0x00000287b6d94c40 Implicit null exception at 0x00000287c21333b4 to 0x00000287c2133441
Event: 8.513 Thread 0x00000287b6d94c40 Implicit null exception at 0x00000287c1de1a94 to 0x00000287c1de1cb4
Event: 8.676 Thread 0x00000287b6d94c40 Implicit null exception at 0x00000287c1ebc2d4 to 0x00000287c1ebc5cc
Event: 8.692 Thread 0x00000287b6d94c40 Implicit null exception at 0x00000287c1faed5b to 0x00000287c1faf024
Event: 8.840 Thread 0x00000287b6d94c40 Exception <a 'java/lang/NoSuchMethodError'{0x000000070d776cd8}: 'java.lang.Object java.lang.invoke.DirectMethodHandle$Holder.invokeStaticInit(java.lang.Object, java.lang.Object, java.lang.Object, java.lang.Object)'> (0x000000070d776cd8) 
thrown [s\src\hotspot\share\interpreter\linkResolver.cpp, line 771]
Event: 9.242 Thread 0x00000287b6d94c40 Exception <a 'java/lang/NoSuchMethodError'{0x000000070c72b2a8}: 'java.lang.Object java.lang.invoke.DirectMethodHandle$Holder.invokeSpecial(java.lang.Object, java.lang.Object, int, int, java.lang.Object, java.lang.Object, java.lang.Object, java.lang.Object, java.lang.Object)'> (0x000000070c72b2a8) 
thrown [s\src\hotspot\share\interpreter\linkResolver.cpp, line 771]

VM Operations (20 events):
Event: 9.123 Executing VM operation: HandshakeAllThreads
Event: 9.124 Executing VM operation: HandshakeAllThreads done
Event: 9.309 Executing VM operation: ICBufferFull
Event: 9.309 Executing VM operation: ICBufferFull done
Event: 9.317 Executing VM operation: HandshakeAllThreads
Event: 9.317 Executing VM operation: HandshakeAllThreads done
Event: 9.332 Executing VM operation: HandshakeAllThreads
Event: 9.332 Executing VM operation: HandshakeAllThreads done
Event: 9.415 Executing VM operation: HandshakeAllThreads
Event: 9.415 Executing VM operation: HandshakeAllThreads done
Event: 9.431 Executing VM operation: ICBufferFull
Event: 9.431 Executing VM operation: ICBufferFull done
Event: 9.477 Executing VM operation: HandshakeAllThreads
Event: 9.477 Executing VM operation: HandshakeAllThreads done
Event: 9.492 Executing VM operation: ICBufferFull
Event: 9.492 Executing VM operation: ICBufferFull done
Event: 9.555 Executing VM operation: ICBufferFull
Event: 9.556 Executing VM operation: ICBufferFull done
Event: 9.617 Executing VM operation: ICBufferFull
Event: 9.617 Executing VM operation: ICBufferFull done

Events (20 events):
Event: 9.138 Thread 0x00000287d5bfad30 flushing nmethod 0x00000287bb84d690
Event: 9.138 Thread 0x00000287d5bfad30 flushing nmethod 0x00000287bb86dd90
Event: 9.138 Thread 0x00000287d5bfad30 flushing nmethod 0x00000287bb8a8210
Event: 9.138 Thread 0x00000287d5bfad30 flushing nmethod 0x00000287bb8c4d10
Event: 9.138 Thread 0x00000287d5bfad30 flushing nmethod 0x00000287bb905310
Event: 9.138 Thread 0x00000287d5bfad30 flushing nmethod 0x00000287bb91fa10
Event: 9.138 Thread 0x00000287d5bfad30 flushing nmethod 0x00000287bb955b10
Event: 9.138 Thread 0x00000287d5bfad30 flushing nmethod 0x00000287bb959b90
Event: 9.138 Thread 0x00000287d5bfad30 flushing nmethod 0x00000287bb967990
Event: 9.138 Thread 0x00000287d5bfad30 flushing nmethod 0x00000287bb969710
Event: 9.138 Thread 0x00000287d5bfad30 flushing nmethod 0x00000287bb96aa10
Event: 9.138 Thread 0x00000287d5bfad30 flushing nmethod 0x00000287bb990010
Event: 9.138 Thread 0x00000287d5bfad30 flushing nmethod 0x00000287bb9a6390
Event: 9.138 Thread 0x00000287d5bfad30 flushing nmethod 0x00000287bb9c8390
Event: 9.139 Thread 0x00000287d5bfad30 flushing nmethod 0x00000287bb9d7d90
Event: 9.139 Thread 0x00000287d5bfad30 flushing nmethod 0x00000287bba80390
Event: 9.139 Thread 0x00000287d5bfad30 flushing nmethod 0x00000287bba87890
Event: 9.139 Thread 0x00000287d5bfad30 flushing nmethod 0x00000287bbb2d490
Event: 9.139 Thread 0x00000287d5bfad30 flushing nmethod 0x00000287bbb34c90
Event: 9.387 Thread 0x00000287dc1fc770 Thread added: 0x00000287dc1fc770


Dynamic libraries:
0x00007ff726b30000 - 0x00007ff726b3a000 	C:\Program Files\Android\Android Studio\jbr\bin\java.exe
0x00007fff94990000 - 0x00007fff94b88000 	C:\Windows\SYSTEM32\ntdll.dll
0x00007fff92bc0000 - 0x00007fff92c7d000 	C:\Windows\System32\KERNEL32.DLL
0x00007fff925e0000 - 0x00007fff928d6000 	C:\Windows\System32\KERNELBASE.dll
0x00007fff92110000 - 0x00007fff92210000 	C:\Windows\System32\ucrtbase.dll
0x00007fff456d0000 - 0x00007fff456e7000 	C:\Program Files\Android\Android Studio\jbr\bin\jli.dll
0x00007fff8af10000 - 0x00007fff8af2b000 	C:\Program Files\Android\Android Studio\jbr\bin\VCRUNTIME140.dll
0x00007fff942d0000 - 0x00007fff9446f000 	C:\Windows\System32\USER32.dll
0x00007fff928e0000 - 0x00007fff92902000 	C:\Windows\System32\win32u.dll
0x00007fff92a60000 - 0x00007fff92a8b000 	C:\Windows\System32\GDI32.dll
0x00007fff7ab10000 - 0x00007fff7adaa000 	C:\Windows\WinSxS\amd64_microsoft.windows.common-controls_6595b64144ccf1df_6.0.19041.3636_none_60b6a03d71f818d5\COMCTL32.dll
0x00007fff92210000 - 0x00007fff92327000 	C:\Windows\System32\gdi32full.dll
0x00007fff93100000 - 0x00007fff9319e000 	C:\Windows\System32\msvcrt.dll
0x00007fff92070000 - 0x00007fff9210d000 	C:\Windows\System32\msvcp_win.dll
0x00007fff92a20000 - 0x00007fff92a52000 	C:\Windows\System32\IMM32.DLL
0x00007fff8cd90000 - 0x00007fff8cd9c000 	C:\Program Files\Android\Android Studio\jbr\bin\vcruntime140_1.dll
0x00007fff87c40000 - 0x00007fff87ccd000 	C:\Program Files\Android\Android Studio\jbr\bin\msvcp140.dll
0x00007fff3e1c0000 - 0x00007fff3ee40000 	C:\Program Files\Android\Android Studio\jbr\bin\server\jvm.dll
0x00007fff93f60000 - 0x00007fff94010000 	C:\Windows\System32\ADVAPI32.dll
0x00007fff92b10000 - 0x00007fff92bb0000 	C:\Windows\System32\sechost.dll
0x00007fff94010000 - 0x00007fff94133000 	C:\Windows\System32\RPCRT4.dll
0x00007fff92040000 - 0x00007fff92067000 	C:\Windows\System32\bcrypt.dll
0x00007fff86c50000 - 0x00007fff86c77000 	C:\Windows\SYSTEM32\WINMM.dll
0x00007fff664e0000 - 0x00007fff664e9000 	C:\Windows\SYSTEM32\WSOCK32.dll
0x00007fff88bb0000 - 0x00007fff88bba000 	C:\Windows\SYSTEM32\VERSION.dll
0x00007fff92fe0000 - 0x00007fff9304b000 	C:\Windows\System32\WS2_32.dll
0x00007fff90890000 - 0x00007fff908a2000 	C:\Windows\SYSTEM32\kernel.appcore.dll
0x00007fff65cd0000 - 0x00007fff65cda000 	C:\Program Files\Android\Android Studio\jbr\bin\jimage.dll
0x00007fff8fc90000 - 0x00007fff8fe74000 	C:\Windows\SYSTEM32\DBGHELP.DLL
0x00007fff75d40000 - 0x00007fff75d74000 	C:\Windows\SYSTEM32\dbgcore.DLL
0x00007fff92490000 - 0x00007fff92512000 	C:\Windows\System32\bcryptPrimitives.dll
0x00007fff4d530000 - 0x00007fff4d555000 	C:\Program Files\Android\Android Studio\jbr\bin\java.dll
0x00007fff4d510000 - 0x00007fff4d528000 	C:\Program Files\Android\Android Studio\jbr\bin\zip.dll
0x00007fff93700000 - 0x00007fff93e6b000 	C:\Windows\System32\SHELL32.dll
0x00007fff900b0000 - 0x00007fff9084e000 	C:\Windows\SYSTEM32\windows.storage.dll
0x00007fff92c80000 - 0x00007fff92fd3000 	C:\Windows\System32\combase.dll
0x00007fff91a70000 - 0x00007fff91a9e000 	C:\Windows\SYSTEM32\Wldp.dll
0x00007fff93e70000 - 0x00007fff93f3d000 	C:\Windows\System32\OLEAUT32.dll
0x00007fff93050000 - 0x00007fff930fd000 	C:\Windows\System32\SHCORE.dll
0x00007fff94470000 - 0x00007fff944c5000 	C:\Windows\System32\shlwapi.dll
0x00007fff91f70000 - 0x00007fff91f93000 	C:\Windows\SYSTEM32\profapi.dll
0x00007fff4a510000 - 0x00007fff4a529000 	C:\Program Files\Android\Android Studio\jbr\bin\net.dll
0x00007fff87ed0000 - 0x00007fff87fda000 	C:\Windows\SYSTEM32\WINHTTP.dll
0x00007fff917d0000 - 0x00007fff9183a000 	C:\Windows\system32\mswsock.dll
0x00007fff4a4f0000 - 0x00007fff4a506000 	C:\Program Files\Android\Android Studio\jbr\bin\nio.dll
0x00007fff650d0000 - 0x00007fff650e0000 	C:\Program Files\Android\Android Studio\jbr\bin\verify.dll

dbghelp: loaded successfully - version: 4.0.5 - missing functions: none
symbol engine: initialized successfully - sym options: 0x614 - pdb path: .;C:\Program Files\Android\Android Studio\jbr\bin;C:\Windows\SYSTEM32;C:\Windows\WinSxS\amd64_microsoft.windows.common-controls_6595b64144ccf1df_6.0.19041.3636_none_60b6a03d71f818d5;C:\Program Files\Android\Android Studio\jbr\bin\server

VM Arguments:
java_command: org.jetbrains.kotlin.cli.jvm.K2JVMCompiler @D:\DIDONG\FirebaseProject\app\build\20240508_1816067623327652135.compiler.options
java_class_path (initial): C:\Users\84799\.gradle\caches\modules-2\files-2.1\org.jetbrains.kotlin\kotlin-compiler-embeddable\1.9.0\2c8c3a7402becca891f12739b3e9fd2dc2adbd7a\kotlin-compiler-embeddable-1.9.0.jar;C:\Users\84799\.gradle\caches\modules-2\files-2.1\org.jetbrains.kotlin\kotlin-stdlib\1.9.0\8ee15ef0c67dc83d874f412d84378d7f0eb50b63\kotlin-stdlib-1.9.0.jar;C:\Users\84799\.gradle\caches\modules-2\files-2.1\org.jetbrains.kotlin\kotlin-script-runtime\1.9.0\4b3102cbbb7e1b58d9d1adf89563f00069ffa7d1\kotlin-script-runtime-1.9.0.jar;C:\Users\84799\.gradle\caches\modules-2\files-2.1\org.jetbrains.kotlin\kotlin-reflect\1.6.10\1cbe9c92c12a94eea200d23c2bbaedaf3daf5132\kotlin-reflect-1.6.10.jar;C:\Users\84799\.gradle\caches\modules-2\files-2.1\org.jetbrains.kotlin\kotlin-daemon-embeddable\1.9.0\186543f5e28cf8d9a0290fecc2cf34301c40a65c\kotlin-daemon-embeddable-1.9.0.jar;C:\Users\84799\.gradle\caches\modules-2\files-2.1\org.jetbrains.intellij.deps\trove4j\1.0.20200330\3afb14d5f9ceb459d724e907a21145e8ff394f02\trove4j-1.0.20200330.jar;C:\Users\84799\.gradle\caches\modules-2\files-2.1\org.jetbrains.kotlin\kotlin-stdlib-common\1.9.0\cd65c21cfd1eec4d44ef09f9f52b6d9f8a720636\kotlin-stdlib-common-1.9.0.jar;C:\Users\84799\.gradle\caches\modules-2\files-2.1\org.jetbrains\annotations\13.0\919f0dfe192fb4e063e7dacadee7f8bb9a2672a9\annotations-13.0.jar
Launcher Type: SUN_STANDARD

[Global flags]
     intx CICompilerCount                          = 4                                         {product} {ergonomic}
     uint ConcGCThreads                            = 3                                         {product} {ergonomic}
     uint G1ConcRefinementThreads                  = 10                                        {product} {ergonomic}
   size_t G1HeapRegionSize                         = 2097152                                   {product} {ergonomic}
    uintx GCDrainStackTargetSize                   = 64                                        {product} {ergonomic}
   size_t InitialHeapSize                          = 264241152                                 {product} {ergonomic}
   size_t MarkStackSize                            = 4194304                                   {product} {ergonomic}
   size_t MaxHeapSize                              = 4217372672                                {product} {ergonomic}
   size_t MaxNewSize                               = 2529165312                                {product} {ergonomic}
   size_t MinHeapDeltaBytes                        = 2097152                                   {product} {ergonomic}
   size_t MinHeapSize                              = 8388608                                   {product} {ergonomic}
    uintx NonNMethodCodeHeapSize                   = 5839372                                {pd product} {ergonomic}
    uintx NonProfiledCodeHeapSize                  = 122909434                              {pd product} {ergonomic}
    uintx ProfiledCodeHeapSize                     = 122909434                              {pd product} {ergonomic}
    uintx ReservedCodeCacheSize                    = 251658240                              {pd product} {ergonomic}
     bool SegmentedCodeCache                       = true                                      {product} {ergonomic}
   size_t SoftMaxHeapSize                          = 4217372672                             {manageable} {ergonomic}
     bool UseCompressedClassPointers               = true                           {product lp64_product} {ergonomic}
     bool UseCompressedOops                        = true                           {product lp64_product} {ergonomic}
     bool UseG1GC                                  = true                                      {product} {ergonomic}
     bool UseLargePagesIndividualAllocation        = false                                  {pd product} {ergonomic}

Logging:
Log output configuration:
 #0: stdout all=warning uptime,level,tags
 #1: stderr all=off uptime,level,tags

Environment Variables:
PATH=C:\Program Files\Common Files\Oracle\Java\javapath;C:\Windows\system32;C:\Windows;C:\Windows\System32\Wbem;C:\Windows\System32\WindowsPowerShell\v1.0\;C:\Windows\System32\OpenSSH\;C:\Program Files (x86)\NVIDIA Corporation\PhysX\Common;C:\Program Files\NVIDIA Corporation\NVIDIA NvDLISR;C:\Program Files (x86)\Microsoft SQL Server\160\Tools\Binn\;C:\Program Files\Microsoft SQL Server\160\Tools\Binn\;C:\Program Files\Microsoft SQL Server\Client SDK\ODBC\170\Tools\Binn\;C:\Program Files\Microsoft SQL Server\160\DTS\Binn\;C:\Program Files (x86)\Microsoft SQL Server\160\DTS\Binn\;C:\Program Files\Azure Data Studio\bin;C:\xampp\php;C:\composer;C:\xampp\composer;C:\Program Files\Git\cmd;C:\Users\84799\AppData\Local\Microsoft\WindowsApps;;C:\Program Files\Azure Data Studio\bin;C:\Users\84799\AppData\Local\Programs\Microsoft VS Code\bin;C:\Users\84799\AppData\Roaming\Composer\vendor\bin
USERNAME=84799
OS=Windows_NT
PROCESSOR_IDENTIFIER=Intel64 Family 6 Model 141 Stepping 1, GenuineIntel
TMP=C:\Users\84799\AppData\Local\Temp
TEMP=C:\Users\84799\AppData\Local\Temp


JNI global refs:
JNI global refs: 12, weak refs: 5

JNI global refs memory usage: 843, weak refs: 841

OOME stack traces (most recent first):
Classloader memory used:
Loader jdk.internal.loader.ClassLoaders$AppClassLoader                                 : 7030K
Loader bootstrap                                                                       : 1351K
Loader java.net.URLClassLoader                                                         : 54159B
Loader jdk.internal.reflect.DelegatingClassLoader                                      : 17999B


---------------  S Y S T E M  ---------------

OS:
 Windows 10 , 64 bit Build 19041 (10.0.19041.3636)
OS uptime: 2 days 10:41 hours

CPU: total 12 (initial active 12) (6 cores per cpu, 2 threads per core) family 6 model 141 stepping 1 microcode 0x26, cx8, cmov, fxsr, ht, mmx, 3dnowpref, sse, sse2, sse3, ssse3, sse4.1, sse4.2, popcnt, lzcnt, tsc, tscinvbit, avx, avx2, aes, erms, clmul, bmi1, bmi2, adx, avx512f, avx512dq, avx512cd, avx512bw, avx512vl, sha, fma, vzeroupper, avx512_vpopcntdq, avx512_vpclmulqdq, avx512_vaes, avx512_vnni, clflush, clflushopt, clwb, avx512_vbmi2, avx512_vbmi

Memory: 4k page, system-wide physical 16085M (517M free)
TotalPageFile size 34749M (AvailPageFile size 7M)
current process WorkingSet (physical memory assigned to process): 359M, peak: 359M
current process commit charge ("private bytes"): 403M, peak: 406M

vm_info: OpenJDK 64-Bit Server VM (17.0.7+0-b2043.56-10550314) for windows-amd64 JRE (17.0.7+0-b2043.56-10550314), built on Jul 24 2023 18:27:45 by "androidbuild" with MS VC++ 16.10 / 16.11 (VS2019)

END.
